==129078== Memcheck, a memory error detector
==129078== Copyright (C) 2002-2017, and GNU GPL'd, by Julian Seward et al.
==129078== Using Valgrind-3.15.0 and LibVEX; rerun with -h for copyright info
==129078== Command: ./a.out
==129078== Parent PID: 128947
==129078== 
==129078== 
==129078== HEAP SUMMARY:
==129078==     in use at exit: 288 bytes in 6 blocks
==129078==   total heap usage: 13 allocs, 7 frees, 74,112 bytes allocated
==129078== 
==129078== 96 (56 direct, 40 indirect) bytes in 1 blocks are definitely lost in loss record 4 of 6
==129078==    at 0x483BE63: operator new(unsigned long) (in /usr/lib/x86_64-linux-gnu/valgrind/vgpreload_memcheck-amd64-linux.so)
==129078==    by 0x10A689: createObject(std::__cxx11::list<TouristVehicle*, std::allocator<TouristVehicle*> >&) (in /home/kpit/Documents/moderncpp/Tourist/a.out)
==129078==    by 0x10C40B: main (in /home/kpit/Documents/moderncpp/Tourist/a.out)
==129078== 
==129078== 96 (56 direct, 40 indirect) bytes in 1 blocks are definitely lost in loss record 5 of 6
==129078==    at 0x483BE63: operator new(unsigned long) (in /usr/lib/x86_64-linux-gnu/valgrind/vgpreload_memcheck-amd64-linux.so)
==129078==    by 0x10A770: createObject(std::__cxx11::list<TouristVehicle*, std::allocator<TouristVehicle*> >&) (in /home/kpit/Documents/moderncpp/Tourist/a.out)
==129078==    by 0x10C40B: main (in /home/kpit/Documents/moderncpp/Tourist/a.out)
==129078== 
==129078== 96 (56 direct, 40 indirect) bytes in 1 blocks are definitely lost in loss record 6 of 6
==129078==    at 0x483BE63: operator new(unsigned long) (in /usr/lib/x86_64-linux-gnu/valgrind/vgpreload_memcheck-amd64-linux.so)
==129078==    by 0x10A857: createObject(std::__cxx11::list<TouristVehicle*, std::allocator<TouristVehicle*> >&) (in /home/kpit/Documents/moderncpp/Tourist/a.out)
==129078==    by 0x10C40B: main (in /home/kpit/Documents/moderncpp/Tourist/a.out)
==129078== 
==129078== LEAK SUMMARY:
==129078==    definitely lost: 168 bytes in 3 blocks
==129078==    indirectly lost: 120 bytes in 3 blocks
==129078==      possibly lost: 0 bytes in 0 blocks
==129078==    still reachable: 0 bytes in 0 blocks
==129078==         suppressed: 0 bytes in 0 blocks
==129078== 
==129078== For lists of detected and suppressed errors, rerun with: -s
==129078== ERROR SUMMARY: 3 errors from 3 contexts (suppressed: 0 from 0)
